::1 - - [16/Nov/2023:02:21:48 +0000] "GET /favicon.ico HTTP/1.1" 404 150 "http://localhost:8080/" "Mozilla/5.0 (Windows NT 10.0; Win64; x64) AppleWebKit/537.36 (KHTML, like Gecko) Chrome/119.0.0.0 Safari/537.36 Edg/119.0.0.0"
::1 - - [28/Nov/2023:19:03:15 +0000] "GET /users HTTP/1.1" 404 144 "-" "PostmanRuntime/7.35.0"
::1 - - [28/Nov/2023:19:04:25 +0000] "DELETE /users/:Username/movies/:MovieID HTTP/1.1" 404 173 "-" "PostmanRuntime/7.35.0"
::1 - - [28/Nov/2023:19:05:59 +0000] "GET /favicon.ico HTTP/1.1" 404 150 "http://localhost:8080/" "Mozilla/5.0 (Windows NT 10.0; Win64; x64) AppleWebKit/537.36 (KHTML, like Gecko) Chrome/119.0.0.0 Safari/537.36 Edg/119.0.0.0"
::1 - - [28/Nov/2023:19:28:30 +0000] "POST /get?foo1=bar1&foo2=bar2 HTTP/1.1" 404 143 "-" "PostmanRuntime/7.35.0"
::1 - - [28/Nov/2023:19:33:25 +0000] "POST /users/:Username/movies/:MovieID HTTP/1.1" 404 171 "-" "PostmanRuntime/7.35.0"
::1 - - [28/Nov/2023:19:34:56 +0000] "DELETE /users/:Username/movies/:MovieID HTTP/1.1" 404 173 "-" "PostmanRuntime/7.35.0"
::1 - - [28/Nov/2023:20:09:51 +0000] "DELETE /users/:id/movies/:MovieID HTTP/1.1" 404 167 "-" "PostmanRuntime/7.35.0"
::1 - - [28/Nov/2023:20:11:47 +0000] "GET //movies/[title] HTTP/1.1" 404 154 "-" "PostmanRuntime/7.35.0"
::1 - - [28/Nov/2023:20:12:34 +0000] "GET //movies/[title] HTTP/1.1" 404 154 "-" "PostmanRuntime/7.35.0"
::1 - - [28/Nov/2023:20:16:13 +0000] "GET /users/:id/movies/:MovieID HTTP/1.1" 404 164 "-" "PostmanRuntime/7.35.0"
::1 - - [28/Nov/2023:20:17:21 +0000] "GET /users/:id/movies/:MovieID HTTP/1.1" 404 164 "-" "PostmanRuntime/7.35.0"
::1 - - [28/Nov/2023:20:17:34 +0000] "DELETE /users/:id/movies/:MovieID HTTP/1.1" 404 167 "-" "PostmanRuntime/7.35.0"
::1 - - [28/Nov/2023:20:18:31 +0000] "POST /users/:id/movies/:MovieID HTTP/1.1" 404 165 "-" "PostmanRuntime/7.35.0"
::1 - - [28/Nov/2023:20:20:26 +0000] "POST /users/:id HTTP/1.1" 404 149 "-" "PostmanRuntime/7.35.0"
::1 - - [04/Dec/2023:20:53:40 +0000] "GET /favicon.ico HTTP/1.1" 404 150 "http://localhost:8080/" "Mozilla/5.0 (Windows NT 10.0; Win64; x64) AppleWebKit/537.36 (KHTML, like Gecko) Chrome/119.0.0.0 Safari/537.36"
::1 - - [04/Dec/2023:21:34:20 +0000] "GET /movies/genre/RomanticComedy HTTP/1.1" 404 166 "-" "PostmanRuntime/7.35.0"
::1 - - [04/Dec/2023:21:34:56 +0000] "GET /users HTTP/1.1" 404 144 "-" "PostmanRuntime/7.35.0"
::1 - - [09/Dec/2023:03:26:45 +0000] "GET /movies/genre/Drama HTTP/1.1" 404 157 "-" "PostmanRuntime/7.35.0"
::1 - - [09/Dec/2023:03:42:37 +0000] "PUT /users/1/The%20Proposal HTTP/1.1" 404 161 "-" "PostmanRuntime/7.35.0"
::1 - - [09/Dec/2023:03:43:01 +0000] "POST /users/1/The%20Proposal HTTP/1.1" 404 162 "-" "PostmanRuntime/7.35.0"
::1 - - [09/Dec/2023:03:49:55 +0000] "POST /users/2 HTTP/1.1" 404 147 "-" "PostmanRuntime/7.35.0"
::1 - - [09/Dec/2023:03:54:45 +0000] "GET /movies/genre/RomanticComedy HTTP/1.1" 404 166 "-" "PostmanRuntime/7.35.0"
::1 - - [09/Dec/2023:03:54:57 +0000] "GET /movies/genre/Romantic%20Comedy HTTP/1.1" 404 169 "-" "PostmanRuntime/7.35.0"
::1 - - [09/Dec/2023:03:56:26 +0000] "GET /movies/director/Donald%20Petrie HTTP/1.1" 404 170 "-" "PostmanRuntime/7.35.0"
::1 - - [09/Dec/2023:04:01:16 +0000] "PUT /uses/1 HTTP/1.1" 404 145 "-" "PostmanRuntime/7.35.0"
::1 - - [09/Dec/2023:04:03:29 +0000] "POST /users/1/The%20Proposal HTTP/1.1" 404 162 "-" "PostmanRuntime/7.35.0"
::1 - - [09/Dec/2023:04:05:17 +0000] "DELETE /users/1/The%20Proposal HTTP/1.1" 404 164 "-" "PostmanRuntime/7.35.0"
::1 - - [12/Feb/2024:18:59:08 +0000] "DELETE /users HTTP/1.1" 404 147 "-" "PostmanRuntime/7.36.1"
::1 - - [12/Feb/2024:18:59:23 +0000] "GET /users HTTP/1.1" 404 144 "-" "PostmanRuntime/7.36.1"
::1 - - [12/Feb/2024:19:05:39 +0000] "GET /users HTTP/1.1" 404 144 "-" "PostmanRuntime/7.36.1"
::1 - - [12/Feb/2024:19:16:58 +0000] "GET /users HTTP/1.1" 404 144 "-" "PostmanRuntime/7.36.3"
::1 - - [12/Feb/2024:19:18:35 +0000] "GET /users HTTP/1.1" 404 144 "-" "PostmanRuntime/7.36.3"
::1 - - [12/Feb/2024:19:20:54 +0000] "PUT //movies/genres/:horro HTTP/1.1" 404 160 "-" "PostmanRuntime/7.36.3"
::1 - - [12/Feb/2024:19:20:56 +0000] "PUT //movies/genres/:horror HTTP/1.1" 404 161 "-" "PostmanRuntime/7.36.3"
::1 - - [12/Feb/2024:19:21:01 +0000] "PUT //movies/genres/:Horror HTTP/1.1" 404 161 "-" "PostmanRuntime/7.36.3"
::1 - - [12/Feb/2024:19:23:27 +0000] "GET /users HTTP/1.1" 404 144 "-" "PostmanRuntime/7.36.3"
::1 - - [12/Feb/2024:19:24:51 +0000] "GET /movies/genres/:genreName HTTP/1.1" 404 163 "-" "PostmanRuntime/7.36.3"
::1 - - [12/Feb/2024:19:24:58 +0000] "GET /movies/genres/:Comedy HTTP/1.1" 404 160 "-" "PostmanRuntime/7.36.3"
::1 - - [12/Feb/2024:19:25:04 +0000] "GET /movies/genres/:Horror HTTP/1.1" 404 160 "-" "PostmanRuntime/7.36.3"
::1 - - [12/Feb/2024:19:35:48 +0000] "GET /movies/genres/:Horror HTTP/1.1" 404 160 "-" "PostmanRuntime/7.36.3"
::1 - - [12/Feb/2024:19:36:31 +0000] "POST /users/:LillyB/movies/:658e0542ca2edb72552989d1 HTTP/1.1" 404 186 "-" "PostmanRuntime/7.36.3"
::1 - - [12/Feb/2024:19:36:50 +0000] "DELETE /users/:LillyB/movies/:658e0542ca2edb72552989d1 HTTP/1.1" 404 188 "-" "PostmanRuntime/7.36.3"
